<?xml version="1.0" encoding="UTF-8"?>
<!-- Generated by org.testng.reporters.JUnitReportReporter -->
<testsuite skipped="6" hostname="GauravAhuja" name="Supporting.MAHClass" tests="8" failures="0" timestamp="2022-05-20T07:59:30 IST" time="720.147" errors="1">
  <testcase name="PlaceOrderMAH" time="56.434" classname="Supporting.MAHClass"/>
  <system-out/>
  <testcase name="BestPrice" time="663.713" classname="Supporting.MAHClass">
    <error type="org.openqa.selenium.TimeoutException" message="Expected condition failed: waiting for Supporting.MAHClass$2@18531d1 (tried for 600 second(s) with 20000 milliseconds interval)">
      <![CDATA[org.openqa.selenium.TimeoutException: Expected condition failed: waiting for Supporting.MAHClass$2@18531d1 (tried for 600 second(s) with 20000 milliseconds interval)
at org.openqa.selenium.support.ui.FluentWait.timeoutException(FluentWait.java:304)
at org.openqa.selenium.support.ui.FluentWait.until(FluentWait.java:272)
at Supporting.MAHClass.BestPrice(MAHClass.java:80)
at sun.reflect.NativeMethodAccessorImpl.invoke0(Native Method)
at sun.reflect.NativeMethodAccessorImpl.invoke(Unknown Source)
at sun.reflect.DelegatingMethodAccessorImpl.invoke(Unknown Source)
at java.lang.reflect.Method.invoke(Unknown Source)
at org.testng.internal.MethodInvocationHelper.invokeMethod(MethodInvocationHelper.java:134)
at org.testng.internal.TestInvoker.invokeMethod(TestInvoker.java:597)
at org.testng.internal.TestInvoker.invokeTestMethod(TestInvoker.java:173)
at org.testng.internal.MethodRunner.runInSequence(MethodRunner.java:46)
at org.testng.internal.TestInvoker$MethodInvocationAgent.invoke(TestInvoker.java:816)
at org.testng.internal.TestInvoker.invokeTestMethods(TestInvoker.java:146)
at org.testng.internal.TestMethodWorker.invokeTestMethods(TestMethodWorker.java:146)
at org.testng.internal.TestMethodWorker.run(TestMethodWorker.java:128)
at java.util.concurrent.ThreadPoolExecutor.runWorker(Unknown Source)
at java.util.concurrent.ThreadPoolExecutor$Worker.run(Unknown Source)
at java.lang.Thread.run(Unknown Source)
Caused by: org.openqa.selenium.NoSuchElementException: no such element: Unable to locate element: {"method":"xpath","selector":"//*[starts-with(@class,'lms') and contains(text(),'Best Price')]"}
  (Session info: chrome=101.0.4951.67)
For documentation on this error, please visit: https://www.seleniumhq.org/exceptions/no_such_element.html
Build info: version: '3.141.59', revision: 'e82be7d358', time: '2018-11-14T08:17:03'
System info: host: 'GAURAVAHUJA', ip: '192.168.0.108', os.name: 'Windows 10', os.arch: 'amd64', os.version: '10.0', java.version: '1.8.0_191'
Driver info: org.openqa.selenium.chrome.ChromeDriver
Capabilities {acceptInsecureCerts: false, browserName: chrome, browserVersion: 101.0.4951.67, chrome: {chromedriverVersion: 101.0.4951.41 (93c720db8323..., userDataDir: C:\Users\gaurav\AppData\Loc...}, goog:chromeOptions: {debuggerAddress: localhost:64143}, javascriptEnabled: true, networkConnectionEnabled: false, pageLoadStrategy: normal, platform: WINDOWS, platformName: WINDOWS, proxy: Proxy(), setWindowRect: true, strictFileInteractability: false, timeouts: {implicit: 0, pageLoad: 300000, script: 30000}, unhandledPromptBehavior: dismiss and notify, webauthn:extension:credBlob: true, webauthn:extension:largeBlob: true, webauthn:virtualAuthenticators: true}
Session ID: 8df9660bda8264ead8a69b770336331e
*** Element info: {Using=xpath, value=//*[starts-with(@class,'lms') and contains(text(),'Best Price')]}
at sun.reflect.GeneratedConstructorAccessor23.newInstance(Unknown Source)
at sun.reflect.DelegatingConstructorAccessorImpl.newInstance(Unknown Source)
at java.lang.reflect.Constructor.newInstance(Unknown Source)
at org.openqa.selenium.remote.http.W3CHttpResponseCodec.createException(W3CHttpResponseCodec.java:187)
at org.openqa.selenium.remote.http.W3CHttpResponseCodec.decode(W3CHttpResponseCodec.java:122)
at org.openqa.selenium.remote.http.W3CHttpResponseCodec.decode(W3CHttpResponseCodec.java:49)
at org.openqa.selenium.remote.HttpCommandExecutor.execute(HttpCommandExecutor.java:158)
at org.openqa.selenium.remote.service.DriverCommandExecutor.execute(DriverCommandExecutor.java:83)
at org.openqa.selenium.remote.RemoteWebDriver.execute(RemoteWebDriver.java:552)
at org.openqa.selenium.remote.RemoteWebDriver.findElement(RemoteWebDriver.java:323)
at org.openqa.selenium.remote.RemoteWebDriver.findElementByXPath(RemoteWebDriver.java:428)
at org.openqa.selenium.By$ByXPath.findElement(By.java:353)
at org.openqa.selenium.remote.RemoteWebDriver.findElement(RemoteWebDriver.java:315)
at Supporting.MAHClass$2.apply(MAHClass.java:86)
at Supporting.MAHClass$2.apply(MAHClass.java:1)
at org.openqa.selenium.support.ui.FluentWait.until(FluentWait.java:249)
... 16 more
]]>
    </error>
  </testcase> <!-- BestPrice -->
  <system-out/>
  <testcase name="BestExpertWaiting" classname="Supporting.MAHClass">
    <skipped/>
  </testcase> <!-- BestExpertWaiting -->
  <system-out/>
  <testcase name="ExpertWaiting" classname="Supporting.MAHClass">
    <skipped/>
  </testcase> <!-- ExpertWaiting -->
  <system-out/>
  <testcase name="GrapDeal" classname="Supporting.MAHClass">
    <skipped/>
  </testcase> <!-- GrapDeal -->
  <system-out/>
  <testcase name="SiezeDiscount" classname="Supporting.MAHClass">
    <skipped/>
  </testcase> <!-- SiezeDiscount -->
  <system-out/>
  <testcase name="ExpertStopped" classname="Supporting.MAHClass">
    <skipped/>
  </testcase> <!-- ExpertStopped -->
  <system-out/>
  <testcase name="TopQuality" classname="Supporting.MAHClass">
    <skipped/>
  </testcase> <!-- TopQuality -->
  <system-out/>
</testsuite> <!-- Supporting.MAHClass -->
